2025-04-24 05:12:34 [INFO] MyService initialized successfully.
2025-04-24 05:13:01 [DEBUG] Heartbeat signal sent.
2025-04-24 05:18:23 [INFO] User 'alice' logged in.
2025-04-24 05:24:55 [WARNING] Slow response detected on endpoint /api/v1/data.
2025-04-24 05:35:47 [INFO] Backup task started.
2025-04-24 05:45:12 [INFO] Backup task completed.
2025-04-24 06:02:11 [DEBUG] Cache refresh triggered.
2025-04-24 06:15:49 [ERROR] Database connection timeout (db01).
2025-04-24 06:16:14 [INFO] Retrying database connection.
2025-04-24 06:16:35 [INFO] Database connection re-established.
2025-04-24 06:45:18 [DEBUG] Metrics collected: CPU=23%, MEM=61%.
2025-04-24 07:10:33 [INFO] Scheduled maintenance window started.
2025-04-24 07:45:12 [INFO] Maintenance task 1 completed.
2025-04-24 08:01:54 [INFO] Maintenance task 2 completed.
2025-04-24 08:23:37 [DEBUG] Temporary files cleaned.
2025-04-24 09:12:15 [WARNING] High memory usage detected (85%).
2025-04-24 09:25:40 [INFO] User 'bob' logged out.
2025-04-24 09:45:51 [DEBUG] Heartbeat signal sent.
2025-04-24 10:10:02 [ERROR] Failed to write to log file (disk full).
2025-04-24 10:11:15 [INFO] Initiating disk cleanup.
2025-04-24 10:40:23 [INFO] Disk cleanup completed, 1.2GB freed.
2025-04-24 11:05:41 [INFO] User 'carol' logged in.
2025-04-24 11:20:13 [DEBUG] Session validation successful.
2025-04-24 11:33:47 [WARNING] API response delay exceeded threshold.
2025-04-24 12:01:05 [DEBUG] Background sync started.
2025-04-24 12:03:18 [INFO] Background sync completed.
2025-04-24 12:25:41 [ERROR] Service unreachable: payments_gateway.
2025-04-24 12:26:55 [INFO] Attempting service restart: payments_gateway.
2025-04-24 12:29:12 [INFO] Service payments_gateway online.
2025-04-24 13:00:00 [DEBUG] Metrics collected: CPU=19%, MEM=58%.
2025-04-24 13:32:47 [INFO] User 'dave' logged out.
2025-04-24 14:12:17 [DEBUG] Heartbeat signal sent.
2025-04-24 14:29:51 [INFO] Daily report generation started.
2025-04-24 15:10:43 [INFO] Daily report generation completed.
2025-04-24 15:45:32 [WARNING] Report size exceeded 50MB.
2025-04-24 16:00:12 [INFO] New deployment version 1.2.8 detected.
2025-04-24 16:30:15 [INFO] Deployment preparation started.
2025-04-24 17:05:29 [ERROR] Deployment failed: rollback initiated.
2025-04-24 17:06:55 [INFO] Rollback completed successfully.
2025-04-24 17:32:10 [DEBUG] Temp directory purged.
2025-04-24 18:00:47 [INFO] User 'erin' logged in.
2025-04-24 18:13:14 [WARNING] Unusual login location detected for user 'erin'.
2025-04-24 18:45:39 [DEBUG] Heartbeat signal sent.
2025-04-24 19:01:00 [ERROR] Unexpected shutdown signal received.
2025-04-24 19:05:45 [INFO] System reboot initiated.
2025-04-24 19:25:19 [INFO] System online after reboot.
2025-04-24 19:42:58 [DEBUG] Service health checks passed.
2025-04-24 20:12:44 [INFO] Scheduled job 'cleanup_old_logs' started.
2025-04-24 20:30:27 [INFO] Scheduled job 'cleanup_old_logs' completed.
2025-04-24 21:10:55 [DEBUG] Metrics collected: CPU=15%, MEM=53%.
2025-04-24 21:45:20 [WARNING] Dropped 2% of incoming messages.
2025-04-24 22:05:41 [INFO] User 'frank' logged in.
2025-04-24 22:15:17 [DEBUG] Session validation successful.
2025-04-24 22:45:32 [INFO] User 'frank' uploaded file 'invoice_2025.pdf'.
2025-04-24 23:12:50 [ERROR] Antivirus scan failed on 'invoice_2025.pdf'.
2025-04-24 23:25:18 [INFO] File quarantined: 'invoice_2025.pdf'.
2025-04-25 00:01:34 [INFO] Nightly job 'sync_with_backup' started.
2025-04-25 00:44:12 [INFO] Nightly job 'sync_with_backup' completed.
2025-04-25 01:12:08 [DEBUG] Heartbeat signal sent.
2025-04-25 01:32:11 [WARNING] Delayed sync detected.
2025-04-25 02:00:02 [INFO] User 'grace' logged in.
2025-04-25 02:14:43 [DEBUG] Session validation successful.
2025-04-25 02:25:59 [INFO] Grace initiated password change.
2025-04-25 02:28:11 [INFO] Password change successful.
2025-04-25 03:05:45 [DEBUG] Metrics collected: CPU=12%, MEM=49%.
2025-04-25 03:45:15 [INFO] Backup job triggered manually by admin.
2025-04-25 04:12:55 [INFO] Backup job completed.
2025-04-25 04:32:29 [WARNING] Missed heartbeat from service worker-3.
2025-04-25 05:01:37 [INFO] Service worker-3 heartbeat restored.
2025-04-25 05:45:02 [DEBUG] Heartbeat signal sent.
2025-04-25 06:10:49 [INFO] Disk usage check completed: 70% used.
2025-04-25 06:25:23 [ERROR] Disk warning threshold crossed (disk02).
2025-04-25 06:40:45 [INFO] Alert notification sent to ops team.
2025-04-25 07:10:33 [INFO] User 'helen' logged in.
2025-04-25 07:30:15 [DEBUG] Session validation successful.
2025-04-25 08:01:10 [WARNING] CPU temperature nearing limit (95°C).
2025-04-25 08:15:44 [INFO] Cooling system test triggered.
2025-04-25 08:25:18 [INFO] Cooling system functioning normally.
2025-04-25 09:00:00 [DEBUG] Metrics collected: CPU=17%, MEM=47%.
2025-04-25 09:22:11 [INFO] User 'ivan' logged out.
2025-04-25 10:01:05 [INFO] Scheduled database backup started.
2025-04-25 10:40:30 [INFO] Scheduled database backup completed.
2025-04-25 11:15:20 [ERROR] Unexpected exception in reporting module.
2025-04-25 11:17:35 [DEBUG] Stack trace logged for reporting module.
2025-04-25 11:45:59 [INFO] Reporting module auto-restarted.
2025-04-25 12:10:48 [DEBUG] Heartbeat signal sent.
2025-04-25 12:30:11 [INFO] System audit log rotated.
2025-04-25 13:00:24 [WARNING] Audit log size exceeded 5GB.
2025-04-25 13:30:15 [INFO] Log archiving task started.
2025-04-25 14:10:42 [INFO] Log archiving task completed.
2025-04-25 14:45:28 [INFO] End of log.

